Build started 06/09/2016 06:13:50 PM.
     1>Project "D:\Studying\Programming\Projects\My projects\Endless automatic\Endless automatic.vcxproj" on node 2 (Build target(s)).
     1>ClCompile:
         C:\Program Files (x86)\Microsoft Visual Studio 14.0\VC\bin\CL.exe /c /ZI /nologo /W3 /WX- /Od /Oy- /D WIN32 /D _DEBUG /D _CONSOLE /D _UNICODE /D UNICODE /Gm /EHsc /RTC1 /MDd /GS /fp:precise /Zc:wchar_t /Zc:forScope /Zc:inline /Fo"Debug\\" /Fd"Debug\vc140.pdb" /Gd /TP /analyze- /errorReport:prompt Automatic.cpp
         Automatic.cpp
     1>d:\studying\programming\projects\my projects\endless automatic\automatic.cpp(7): warning C4018: '<': signed/unsigned mismatch
     1>d:\studying\programming\projects\my projects\endless automatic\automatic.cpp(139): warning C4018: '<': signed/unsigned mismatch
     1>d:\studying\programming\projects\my projects\endless automatic\automatic.cpp(155): warning C4018: '<': signed/unsigned mismatch
     1>d:\studying\programming\projects\my projects\endless automatic\automatic.cpp(159): warning C4018: '<': signed/unsigned mismatch
     1>d:\studying\programming\projects\my projects\endless automatic\automatic.cpp(174): warning C4018: '<': signed/unsigned mismatch
     1>d:\studying\programming\projects\my projects\endless automatic\automatic.cpp(189): warning C4018: '<': signed/unsigned mismatch
     1>d:\studying\programming\projects\my projects\endless automatic\automatic.cpp(198): warning C4018: '<': signed/unsigned mismatch
     1>d:\studying\programming\projects\my projects\endless automatic\automatic.cpp(214): warning C4018: '<': signed/unsigned mismatch
     1>d:\studying\programming\projects\my projects\endless automatic\automatic.cpp(225): warning C4018: '<': signed/unsigned mismatch
       Link:
         C:\Program Files (x86)\Microsoft Visual Studio 14.0\VC\bin\link.exe /ERRORREPORT:PROMPT /OUT:"D:\Studying\Programming\Projects\My projects\Debug\Endless automatic.exe" /INCREMENTAL /NOLOGO kernel32.lib user32.lib gdi32.lib winspool.lib comdlg32.lib advapi32.lib shell32.lib ole32.lib oleaut32.lib uuid.lib odbc32.lib odbccp32.lib /MANIFEST /MANIFESTUAC:"level='asInvoker' uiAccess='false'" /manifest:embed /Debug /PDB:"D:\Studying\Programming\Projects\My projects\Debug\Endless automatic.pdb" /SUBSYSTEM:CONSOLE /TLBID:1 /DYNAMICBASE /NXCOMPAT /IMPLIB:"D:\Studying\Programming\Projects\My projects\Debug\Endless automatic.lib" /MACHINE:X86 Debug\Automatic.obj
         "Debug\Endless atuomatic - Source.obj"
         Endless automatic.vcxproj -> D:\Studying\Programming\Projects\My projects\Debug\Endless automatic.exe
     1>Done Building Project "D:\Studying\Programming\Projects\My projects\Endless automatic\Endless automatic.vcxproj" (Build target(s)).

Build succeeded.

Time Elapsed 00:00:01.18
