Build started 16/03/2016 08:04:28 PM.
     1>Project "d:\Studying\Programming\New Projects\My projects\My projects\My projects.vcxproj" on node 2 (Build target(s)).
     1>ClCompile:
         C:\Program Files (x86)\Microsoft Visual Studio 14.0\VC\bin\CL.exe /c /ZI /nologo /W3 /WX- /Od /Oy- /D WIN32 /D _DEBUG /D _CONSOLE /D _UNICODE /D UNICODE /Gm /EHsc /RTC1 /MDd /GS /fp:precise /Zc:wchar_t /Zc:forScope /Zc:inline /Fo"Debug\\" /Fd"Debug\vc140.pdb" /Gd /TP /analyze- /errorReport:prompt "DFS-Method - Source.cpp"
         DFS-Method - Source.cpp
     1>d:\studying\programming\new projects\my projects\my projects\dfs-method - source.cpp(7): warning C4018: '<': signed/unsigned mismatch
     1>d:\studying\programming\new projects\my projects\my projects\dfs-method - source.cpp(15): warning C4018: '<': signed/unsigned mismatch
     1>d:\studying\programming\new projects\my projects\my projects\dfs-method - source.cpp(26): warning C4018: '<': signed/unsigned mismatch
     1>d:\studying\programming\new projects\my projects\my projects\dfs-method - source.cpp(38): warning C4018: '<': signed/unsigned mismatch
     1>d:\studying\programming\new projects\my projects\my projects\dfs-method - source.cpp(41): warning C4018: '<': signed/unsigned mismatch
     1>d:\studying\programming\new projects\my projects\my projects\dfs-method - source.cpp(56): warning C4018: '<': signed/unsigned mismatch
     1>d:\studying\programming\new projects\my projects\my projects\dfs-method - source.cpp(58): warning C4018: '<': signed/unsigned mismatch
     1>d:\studying\programming\new projects\my projects\my projects\dfs-method - source.cpp(74): warning C4018: '<': signed/unsigned mismatch
     1>d:\studying\programming\new projects\my projects\my projects\dfs-method - source.cpp(79): warning C4018: '<': signed/unsigned mismatch
     1>d:\studying\programming\new projects\my projects\my projects\dfs-method - source.cpp(191): warning C4018: '<': signed/unsigned mismatch
     1>d:\studying\programming\new projects\my projects\my projects\dfs-method - source.cpp(197): warning C4018: '<': signed/unsigned mismatch
       Link:
         C:\Program Files (x86)\Microsoft Visual Studio 14.0\VC\bin\link.exe /ERRORREPORT:PROMPT /OUT:"D:\Studying\Programming\New Projects\My projects\Debug\DFS-Method.exe" /INCREMENTAL /NOLOGO kernel32.lib user32.lib gdi32.lib winspool.lib comdlg32.lib advapi32.lib shell32.lib ole32.lib oleaut32.lib uuid.lib odbc32.lib odbccp32.lib /MANIFEST /MANIFESTUAC:"level='asInvoker' uiAccess='false'" /manifest:embed /Debug /PDB:"D:\Studying\Programming\New Projects\My projects\Debug\DFS-Method.pdb" /SUBSYSTEM:CONSOLE /TLBID:1 /DYNAMICBASE /NXCOMPAT /IMPLIB:"D:\Studying\Programming\New Projects\My projects\Debug\DFS-Method.lib" /MACHINE:X86 "Debug\DFS-Method - Source.obj"
         My projects.vcxproj -> D:\Studying\Programming\New Projects\My projects\Debug\DFS-Method.exe
     1>Done Building Project "d:\Studying\Programming\New Projects\My projects\My projects\My projects.vcxproj" (Build target(s)).

Build succeeded.

Time Elapsed 00:00:01.39
